2021-02-25 08:26:55,703 - root - INFO - logger : 20 - Valid parameters
2021-02-25 08:26:55,755 - root - INFO - logger : 20 - File created / updated : srv default\ThePhotoelectricEffect.cdf file ThePhotoelectricEffect.cdf
2021-02-25 08:26:55,756 - root - INFO - logger : 20 - File created / updated : srv default\TimeEvolutionOfTheWavefunctionInA1DInfiniteSquareWell.cdf file TimeEvolutionOfTheWavefunctionInA1DInfiniteSquareWell.cdf
2021-02-25 08:26:55,758 - root - INFO - logger : 20 - File created / updated : srv default\Effet Photoélectrique.pdf file Effet Photoélectrique.pdf
2021-02-25 08:26:55,766 - root - INFO - logger : 20 - File created / updated : srv default\Puits infini sept_2017 final.pdf file Puits infini sept_2017 final.pdf
2021-02-25 09:20:09,262 - root - INFO - logger : 20 - Valid parameters
2021-02-25 09:20:09,280 - root - INFO - logger : 20 - File created / updated : srv default\Effet Photoélectrique.pdf file Effet Photoélectrique.pdf
2021-02-25 09:20:09,282 - root - INFO - logger : 20 - File created / updated : srv default\ThePhotoelectricEffect.cdf file ThePhotoelectricEffect.cdf
2021-02-25 09:20:09,283 - root - INFO - logger : 20 - File created / updated : srv default\TimeEvolutionOfTheWavefunctionInA1DInfiniteSquareWell.cdf file TimeEvolutionOfTheWavefunctionInA1DInfiniteSquareWell.cdf
2021-02-25 09:20:09,287 - root - INFO - logger : 20 - File created / updated : srv default\Puits infini sept_2017 final.pdf file Puits infini sept_2017 final.pdf
2021-02-25 09:28:07,086 - root - INFO - logger : 20 - Valid parameters
2021-02-25 09:28:24,719 - root - INFO - logger : 20 - Valid parameters
2021-02-25 09:29:34,124 - root - INFO - logger : 20 - Valid parameters
2021-02-25 09:31:58,853 - root - INFO - logger : 20 - Valid parameters
2021-02-25 09:32:24,420 - root - INFO - logger : 20 - Valid parameters
2021-02-25 09:32:33,644 - root - INFO - logger : 20 - Valid parameters
2021-02-25 09:32:50,947 - root - INFO - logger : 20 - Valid parameters
2021-02-25 09:32:50,969 - root - INFO - logger : 20 - File created / updated : srv default\Effet Photoélectrique.pdf file Effet Photoélectrique.pdf
2021-02-25 09:32:50,970 - root - INFO - logger : 20 - File created / updated : srv default\ThePhotoelectricEffect.cdf file ThePhotoelectricEffect.cdf
2021-02-25 09:32:51,000 - root - INFO - logger : 20 - File created / updated : srv default\TimeEvolutionOfTheWavefunctionInA1DInfiniteSquareWell.cdf file TimeEvolutionOfTheWavefunctionInA1DInfiniteSquareWell.cdf
2021-02-25 09:32:51,592 - root - INFO - logger : 20 - File created / updated : srv default\Puits infini sept_2017 final.pdf file Puits infini sept_2017 final.pdf
2021-02-25 09:32:55,609 - root - INFO - logger : 20 - Valid parameters
2021-02-25 09:32:55,630 - root - INFO - logger : 20 - File created / updated : srv default\Effet Photoélectrique.pdf file Effet Photoélectrique.pdf
2021-02-25 09:32:55,651 - root - INFO - logger : 20 - File created / updated : srv default\ThePhotoelectricEffect.cdf file ThePhotoelectricEffect.cdf
2021-02-25 09:32:55,667 - root - INFO - logger : 20 - File created / updated : srv default\TimeEvolutionOfTheWavefunctionInA1DInfiniteSquareWell.cdf file TimeEvolutionOfTheWavefunctionInA1DInfiniteSquareWell.cdf
2021-02-25 09:32:56,270 - root - INFO - logger : 20 - File created / updated : srv default\Puits infini sept_2017 final.pdf file Puits infini sept_2017 final.pdf
2021-02-25 09:32:58,535 - root - INFO - logger : 20 - Valid parameters
2021-02-25 09:32:58,557 - root - INFO - logger : 20 - File created / updated : srv default\Effet Photoélectrique.pdf file Effet Photoélectrique.pdf
2021-02-25 09:32:58,558 - root - INFO - logger : 20 - File created / updated : srv default\TimeEvolutionOfTheWavefunctionInA1DInfiniteSquareWell.cdf file TimeEvolutionOfTheWavefunctionInA1DInfiniteSquareWell.cdf
2021-02-25 09:32:58,620 - root - INFO - logger : 20 - File created / updated : srv default\ThePhotoelectricEffect.cdf file ThePhotoelectricEffect.cdf
2021-02-25 09:32:59,202 - root - INFO - logger : 20 - File created / updated : srv default\Puits infini sept_2017 final.pdf file Puits infini sept_2017 final.pdf
2021-02-25 09:33:01,387 - root - INFO - logger : 20 - Valid parameters
2021-02-25 09:33:01,410 - root - INFO - logger : 20 - File created / updated : srv default\Effet Photoélectrique.pdf file Effet Photoélectrique.pdf
2021-02-25 09:33:01,452 - root - INFO - logger : 20 - File created / updated : srv default\ThePhotoelectricEffect.cdf file ThePhotoelectricEffect.cdf
2021-02-25 09:33:01,467 - root - INFO - logger : 20 - File created / updated : srv default\TimeEvolutionOfTheWavefunctionInA1DInfiniteSquareWell.cdf file TimeEvolutionOfTheWavefunctionInA1DInfiniteSquareWell.cdf
2021-02-25 09:33:01,950 - root - INFO - logger : 20 - File created / updated : srv default\Puits infini sept_2017 final.pdf file Puits infini sept_2017 final.pdf
2021-02-25 09:33:57,328 - root - INFO - logger : 20 - Valid parameters
2021-02-25 09:33:57,350 - root - INFO - logger : 20 - File created / updated : srv default\Effet Photoélectrique.pdf file Effet Photoélectrique.pdf
2021-02-25 09:33:57,351 - root - INFO - logger : 20 - File created / updated : srv default\TimeEvolutionOfTheWavefunctionInA1DInfiniteSquareWell.cdf file TimeEvolutionOfTheWavefunctionInA1DInfiniteSquareWell.cdf
2021-02-25 09:33:57,356 - root - INFO - logger : 20 - File created / updated : srv default\Puits infini sept_2017 final.pdf file Puits infini sept_2017 final.pdf
2021-02-25 09:33:57,390 - root - INFO - logger : 20 - File created / updated : srv default\ThePhotoelectricEffect.cdf file ThePhotoelectricEffect.cdf
2021-02-25 09:38:46,172 - root - INFO - logger : 20 - Valid parameters
2021-02-25 09:41:46,396 - root - INFO - logger : 20 - Valid parameters
2021-02-25 09:44:01,017 - root - INFO - logger : 20 - Valid parameters
2021-02-25 09:44:06,931 - root - INFO - logger : 20 - Valid parameters
2021-02-25 09:44:10,355 - root - INFO - logger : 20 - Valid parameters
2021-02-25 09:46:44,177 - root - INFO - logger : 20 - Valid parameters
2021-02-25 10:02:33,862 - root - INFO - logger : 20 - Valid parameters
2021-02-25 10:03:16,043 - root - INFO - logger : 20 - Valid parameters
2021-02-25 10:04:22,973 - root - INFO - logger : 20 - Valid parameters
2021-02-25 10:12:37,687 - root - INFO - logger : 20 - Valid parameters
2021-02-25 10:16:46,479 - root - INFO - logger : 20 - Valid parameters
2021-02-25 10:16:55,704 - root - INFO - logger : 20 - Valid parameters
2021-02-25 10:17:40,465 - root - INFO - logger : 20 - Valid parameters
2021-02-25 10:18:01,809 - root - INFO - logger : 20 - Valid parameters
2021-02-25 10:20:50,257 - root - INFO - logger : 20 - Valid parameters
2021-02-25 10:20:56,483 - root - INFO - logger : 20 - Valid parameters
2021-02-25 10:24:07,220 - root - INFO - logger : 20 - Valid parameters
2021-02-25 10:24:18,863 - root - INFO - logger : 20 - Valid parameters
2021-02-25 10:25:14,213 - root - INFO - logger : 20 - Valid parameters
2021-02-25 10:28:16,836 - root - INFO - logger : 20 - Valid parameters
2021-02-25 10:28:17,037 - root - INFO - logger : 20 - File created / updated : srv default\Effet Photoélectrique.pdf file Effet Photoélectrique.pdf
2021-02-25 10:28:17,076 - root - INFO - logger : 20 - File created / updated : srv default\ThePhotoelectricEffect.cdf file ThePhotoelectricEffect.cdf
2021-02-25 10:28:17,081 - root - INFO - logger : 20 - File created / updated : srv default\TimeEvolutionOfTheWavefunctionInA1DInfiniteSquareWell.cdf file TimeEvolutionOfTheWavefunctionInA1DInfiniteSquareWell.cdf
2021-02-25 10:28:17,128 - root - INFO - logger : 20 - File created / updated : srv default\Puits infini sept_2017 final.pdf file Puits infini sept_2017 final.pdf
2021-02-25 10:28:22,928 - root - INFO - logger : 20 - Valid parameters
2021-02-25 10:28:23,091 - root - INFO - logger : 20 - File created / updated : srv default\Effet Photoélectrique.pdf file Effet Photoélectrique.pdf
2021-02-25 10:28:23,122 - root - INFO - logger : 20 - File created / updated : srv default\ThePhotoelectricEffect.cdf file ThePhotoelectricEffect.cdf
2021-02-25 10:28:23,139 - root - INFO - logger : 20 - File created / updated : srv default\TimeEvolutionOfTheWavefunctionInA1DInfiniteSquareWell.cdf file TimeEvolutionOfTheWavefunctionInA1DInfiniteSquareWell.cdf
2021-02-25 10:28:23,150 - root - INFO - logger : 20 - File created / updated : srv default\Puits infini sept_2017 final.pdf file Puits infini sept_2017 final.pdf
2021-02-25 10:28:25,033 - root - INFO - logger : 20 - Valid parameters
2021-02-25 10:28:25,542 - root - INFO - logger : 20 - File created / updated : srv default\Effet Photoélectrique.pdf file Effet Photoélectrique.pdf
2021-02-25 10:28:25,552 - root - INFO - logger : 20 - File created / updated : srv default\TimeEvolutionOfTheWavefunctionInA1DInfiniteSquareWell.cdf file TimeEvolutionOfTheWavefunctionInA1DInfiniteSquareWell.cdf
2021-02-25 10:28:25,555 - root - INFO - logger : 20 - File created / updated : srv default\ThePhotoelectricEffect.cdf file ThePhotoelectricEffect.cdf
2021-02-25 10:28:25,573 - root - INFO - logger : 20 - File created / updated : srv default\Puits infini sept_2017 final.pdf file Puits infini sept_2017 final.pdf
2021-02-25 10:53:51,235 - root - INFO - logger : 20 - Valid parameters
2021-02-25 10:53:51,508 - root - INFO - logger : 20 - File created / updated : srv default\Effet Photoélectrique.pdf file Effet Photoélectrique.pdf
2021-02-25 10:53:51,544 - root - INFO - logger : 20 - File created / updated : srv default\TimeEvolutionOfTheWavefunctionInA1DInfiniteSquareWell.cdf file TimeEvolutionOfTheWavefunctionInA1DInfiniteSquareWell.cdf
2021-02-25 10:53:51,548 - root - INFO - logger : 20 - File created / updated : srv default\ThePhotoelectricEffect.cdf file ThePhotoelectricEffect.cdf
2021-02-25 10:53:51,581 - root - INFO - logger : 20 - File created / updated : srv default\Puits infini sept_2017 final.pdf file Puits infini sept_2017 final.pdf
